0 info it worked if it ends with ok
1 verbose cli [ 'C:\\Program Files\\nodejs\\node.exe',
1 verbose cli   'C:\\Program Files\\nodejs\\node_modules\\npm\\bin\\npm-cli.js',
1 verbose cli   'publish' ]
2 info using npm@3.10.8
3 info using node@v6.9.1
4 verbose publish [ '.' ]
5 silly cache add args [ '.', null ]
6 verbose cache add spec .
7 silly cache add parsed spec Result {
7 silly cache add   raw: '.',
7 silly cache add   scope: null,
7 silly cache add   escapedName: null,
7 silly cache add   name: null,
7 silly cache add   rawSpec: '.',
7 silly cache add   spec: 'C:\\projetos\\font.icons',
7 silly cache add   type: 'directory' }
8 verbose addLocalDirectory C:\Users\thiago.franchin\AppData\Roaming\npm-cache\ingaia-font-icons\1.1.7\package.tgz not in flight; packing
9 verbose correctMkdir C:\Users\thiago.franchin\AppData\Roaming\npm-cache correctMkdir not in flight; initializing
10 info lifecycle ingaia-font-icons@1.1.7~prepublish: ingaia-font-icons@1.1.7
11 silly lifecycle ingaia-font-icons@1.1.7~prepublish: no script for prepublish, continuing
12 verbose tar pack [ 'C:\\Users\\thiago.franchin\\AppData\\Roaming\\npm-cache\\ingaia-font-icons\\1.1.7\\package.tgz',
12 verbose tar pack   'C:\\projetos\\font.icons' ]
13 verbose tarball C:\Users\thiago.franchin\AppData\Roaming\npm-cache\ingaia-font-icons\1.1.7\package.tgz
14 verbose folder C:\projetos\font.icons
15 verbose addLocalTarball adding from inside cache C:\Users\thiago.franchin\AppData\Roaming\npm-cache\ingaia-font-icons\1.1.7\package.tgz
16 verbose correctMkdir C:\Users\thiago.franchin\AppData\Roaming\npm-cache correctMkdir not in flight; initializing
17 silly cache afterAdd ingaia-font-icons@1.1.7
18 verbose afterAdd C:\Users\thiago.franchin\AppData\Roaming\npm-cache\ingaia-font-icons\1.1.7\package\package.json not in flight; writing
19 verbose correctMkdir C:\Users\thiago.franchin\AppData\Roaming\npm-cache correctMkdir not in flight; initializing
20 verbose afterAdd C:\Users\thiago.franchin\AppData\Roaming\npm-cache\ingaia-font-icons\1.1.7\package\package.json written
21 silly publish { name: 'ingaia-font-icons',
21 silly publish   version: '1.1.7',
21 silly publish   description: 'inGaia Icons',
21 silly publish   main: 'gulpfile.js',
21 silly publish   repository:
21 silly publish    { type: 'git',
21 silly publish      url: 'git+https://github.com/ingaia/font.icons.git' },
21 silly publish   keywords: [ 'icons', 'inGaia' ],
21 silly publish   devDependencies:
21 silly publish    { del: '^2.2.2',
21 silly publish      gulp: '^3.9.1',
21 silly publish      'gulp-fontcustom': '^0.1.2',
21 silly publish      'gulp-iconfont': '^8.0.1',
21 silly publish      'gulp-iconfont-css': '^2.1.0',
21 silly publish      'gulp-iconfont-template': '0.0.3',
21 silly publish      'gulp-rename': '^1.2.2',
21 silly publish      'run-sequence': '^1.2.2' },
21 silly publish   scripts: { build: 'gulp' },
21 silly publish   author: { name: 'inGaia' },
21 silly publish   license: 'ISC',
21 silly publish   bugs: { url: 'https://github.com/ingaia/font.icons/issues' },
21 silly publish   homepage: 'https://github.com/ingaia/font.icons#readme',
21 silly publish   readme: '# inGaia Font Icons\r\n\r\n[Site](https://ingaia.github.io/font.icons/) \r\n\r\n## Download\r\n\r\n### npm\r\n\r\n```console\r\n$ npm install ingaia-font-icons --save\r\n```\r\n\r\n### Bower\r\n\r\n```console\r\n$ bower install ingaia.font.icons --save\r\n```\r\n\r\n## Instalação\r\n\r\nNo console execute o comando para instalar as dependências:\r\n\r\n```console\r\n$ npm install\r\n```\r\n\r\n## Adicionando mais ícones\r\n\r\n1. Copie o arquivo SVG na pasta `/svg` seguindo a numeração, é importante colocar 4 números mais o traço `"-"`.\r\n\r\n Exemplo:\r\n`0001-nomedaimagem.svg`\r\n\r\n2. No console execute o comando para gerar os ícones.\r\n\r\n```console\r\n$ gulp\r\n```\r\n\r\n\r\n',
21 silly publish   readmeFilename: 'README.md',
21 silly publish   gitHead: '91732ca852815f019182461e943f4e8f8b75469a',
21 silly publish   _id: 'ingaia-font-icons@1.1.7',
21 silly publish   _shasum: '59a316c2f36e0fc6c0a2c27caa09801660b37fa5',
21 silly publish   _from: '.' }
22 verbose getPublishConfig undefined
23 silly mapToRegistry name ingaia-font-icons
24 silly mapToRegistry using default registry
25 silly mapToRegistry registry https://registry.npmjs.org/
26 silly mapToRegistry data Result {
26 silly mapToRegistry   raw: 'ingaia-font-icons',
26 silly mapToRegistry   scope: null,
26 silly mapToRegistry   escapedName: 'ingaia-font-icons',
26 silly mapToRegistry   name: 'ingaia-font-icons',
26 silly mapToRegistry   rawSpec: '',
26 silly mapToRegistry   spec: 'latest',
26 silly mapToRegistry   type: 'tag' }
27 silly mapToRegistry uri https://registry.npmjs.org/ingaia-font-icons
28 verbose publish registryBase https://registry.npmjs.org/
29 silly publish uploading C:\Users\thiago.franchin\AppData\Roaming\npm-cache\ingaia-font-icons\1.1.7\package.tgz
30 verbose request uri https://registry.npmjs.org/ingaia-font-icons
31 verbose request sending authorization for write operation
32 info attempt registry request try #1 at 17:49:00
33 verbose request using bearer token for auth
34 verbose request id 7e6cfa7ba3855505
35 http request PUT https://registry.npmjs.org/ingaia-font-icons
36 http 403 https://registry.npmjs.org/ingaia-font-icons
37 verbose headers { 'content-type': 'application/json',
37 verbose headers   'cache-control': 'max-age=300',
37 verbose headers   'content-length': '95',
37 verbose headers   'accept-ranges': 'bytes',
37 verbose headers   date: 'Thu, 19 Jan 2017 19:49:32 GMT',
37 verbose headers   via: '1.1 varnish',
37 verbose headers   connection: 'keep-alive',
37 verbose headers   'x-served-by': 'cache-gru7125-GRU',
37 verbose headers   'x-cache': 'MISS',
37 verbose headers   'x-cache-hits': '0',
37 verbose headers   'x-timer': 'S1484855370.020175,VS0,VE2131',
37 verbose headers   vary: 'Accept-Encoding' }
38 verbose request invalidating C:\Users\thiago.franchin\AppData\Roaming\npm-cache\registry.npmjs.org\ingaia-font-icons on PUT
39 error publish Failed PUT 403
40 verbose stack Error: "You cannot publish over the previously published version 1.1.7." : ingaia-font-icons
40 verbose stack     at makeError (C:\Program Files\nodejs\node_modules\npm\node_modules\npm-registry-client\lib\request.js:302:12)
40 verbose stack     at CachingRegistryClient.<anonymous> (C:\Program Files\nodejs\node_modules\npm\node_modules\npm-registry-client\lib\request.js:290:14)
40 verbose stack     at Request._callback (C:\Program Files\nodejs\node_modules\npm\node_modules\npm-registry-client\lib\request.js:210:14)
40 verbose stack     at Request.self.callback (C:\Program Files\nodejs\node_modules\npm\node_modules\request\request.js:187:22)
40 verbose stack     at emitTwo (events.js:106:13)
40 verbose stack     at Request.emit (events.js:191:7)
40 verbose stack     at Request.<anonymous> (C:\Program Files\nodejs\node_modules\npm\node_modules\request\request.js:1044:10)
40 verbose stack     at emitOne (events.js:96:13)
40 verbose stack     at Request.emit (events.js:188:7)
40 verbose stack     at IncomingMessage.<anonymous> (C:\Program Files\nodejs\node_modules\npm\node_modules\request\request.js:965:12)
41 verbose statusCode 403
42 verbose pkgid ingaia-font-icons
43 verbose cwd C:\projetos\font.icons
44 error Windows_NT 6.1.7601
45 error argv "C:\\Program Files\\nodejs\\node.exe" "C:\\Program Files\\nodejs\\node_modules\\npm\\bin\\npm-cli.js" "publish"
46 error node v6.9.1
47 error npm  v3.10.8
48 error code E403
49 error "You cannot publish over the previously published version 1.1.7." : ingaia-font-icons
50 error If you need help, you may report this error at:
50 error     <https://github.com/npm/npm/issues>
51 verbose exit [ 1, true ]
